New https://pypi.org/project/ultralytics/8.2.24 available ðŸ˜ƒ Update with 'pip install -U ultralytics'
Ultralytics YOLOv8.2.14 ðŸš€ Python-3.8.5 torch-1.9.0+cu102 CUDA:0 (Quadro RTX 8000, 48600MiB)
WARNING âš ï¸ Upgrade to torch>=2.0.0 for deterministic training.
[34m[1mengine/trainer: [0mtask=detect, mode=train, model=yolov8n.pt, data=polyp491.yaml, epochs=300, time=None, patience=100, batch=16, imgsz=640, save=True, save_period=1, cache=False, device=None, workers=8, project=None, name=polyp491_20, exist_ok=False, pretrained=True, optimizer=auto, verbose=True, seed=0, deterministic=True, single_cls=True, rect=False, cos_lr=False, close_mosaic=10, resume=False, amp=True, fraction=1.0, profile=False, freeze=None, multi_scale=False, overlap_mask=True, mask_ratio=4, dropout=0.0, val=True, split=val, save_json=False, save_hybrid=False, conf=None, iou=0.7, max_det=300, half=False, dnn=False, plots=True, source=None, vid_stride=1, stream_buffer=False, visualize=False, augment=False, agnostic_nms=False, classes=None, retina_masks=False, embed=None, show=False, save_frames=False, save_txt=False, save_conf=False, save_crop=False, show_labels=True, show_conf=True, show_boxes=True, line_width=None, format=torchscript, keras=False, optimize=False, int8=False, dynamic=False, simplify=False, opset=None, workspace=4, nms=False, lr0=0.01, lrf=0.01, momentum=0.937, weight_decay=0.0005, warmup_epochs=3.0, warmup_momentum=0.8, warmup_bias_lr=0.1, box=7.5, cls=0.5, dfl=1.5, pose=12.0, kobj=1.0, label_smoothing=0.0, nbs=64, hsv_h=0.015, hsv_s=0.7, hsv_v=0.4, degrees=0.0, translate=0.1, scale=0.5, shear=0.0, perspective=0.0, flipud=0.0, fliplr=0.5, bgr=0.0, mosaic=1.0, mixup=0.0, copy_paste=0.0, auto_augment=randaugment, erasing=0.4, crop_fraction=1.0, cfg=None, tracker=botsort.yaml, save_dir=/home/student/git/laboratory/python/py/murano_program/TransFuse_origin/ultralytics/runs/detect/polyp491_20
Overriding model.yaml nc=80 with nc=1

                   from  n    params  module                                       arguments                     
  0                  -1  1       464  ultralytics.nn.modules.conv.Conv             [3, 16, 3, 2]                 
  1                  -1  1      4672  ultralytics.nn.modules.conv.Conv             [16, 32, 3, 2]                
  2                  -1  1      7360  ultralytics.nn.modules.block.C2f             [32, 32, 1, True]             
  3                  -1  1     18560  ultralytics.nn.modules.conv.Conv             [32, 64, 3, 2]                
  4                  -1  2     49664  ultralytics.nn.modules.block.C2f             [64, 64, 2, True]             
  5                  -1  1     73984  ultralytics.nn.modules.conv.Conv             [64, 128, 3, 2]               
  6                  -1  2    197632  ultralytics.nn.modules.block.C2f             [128, 128, 2, True]           
  7                  -1  1    295424  ultralytics.nn.modules.conv.Conv             [128, 256, 3, 2]              
  8                  -1  1    460288  ultralytics.nn.modules.block.C2f             [256, 256, 1, True]           
  9                  -1  1    164608  ultralytics.nn.modules.block.SPPF            [256, 256, 5]                 
 10                  -1  1         0  torch.nn.modules.upsampling.Upsample         [None, 2, 'nearest']          
 11             [-1, 6]  1         0  ultralytics.nn.modules.conv.Concat           [1]                           
 12                  -1  1    148224  ultralytics.nn.modules.block.C2f             [384, 128, 1]                 
 13                  -1  1         0  torch.nn.modules.upsampling.Upsample         [None, 2, 'nearest']          
 14             [-1, 4]  1         0  ultralytics.nn.modules.conv.Concat           [1]                           
 15                  -1  1     37248  ultralytics.nn.modules.block.C2f             [192, 64, 1]                  
 16                  -1  1     36992  ultralytics.nn.modules.conv.Conv             [64, 64, 3, 2]                
 17            [-1, 12]  1         0  ultralytics.nn.modules.conv.Concat           [1]                           
 18                  -1  1    123648  ultralytics.nn.modules.block.C2f             [192, 128, 1]                 
 19                  -1  1    147712  ultralytics.nn.modules.conv.Conv             [128, 128, 3, 2]              
 20             [-1, 9]  1         0  ultralytics.nn.modules.conv.Concat           [1]                           
 21                  -1  1    493056  ultralytics.nn.modules.block.C2f             [384, 256, 1]                 
 22        [15, 18, 21]  1    751507  ultralytics.nn.modules.head.Detect           [1, [64, 128, 256]]           
Model summary: 225 layers, 3011043 parameters, 3011027 gradients, 8.2 GFLOPs

Transferred 319/355 items from pretrained weights
Freezing layer 'model.22.dfl.conv.weight'
[34m[1mAMP: [0mrunning Automatic Mixed Precision (AMP) checks with YOLOv8n...
[34m[1mAMP: [0mchecks passed âœ…
[34m[1mtrain: [0mNew cache created: /home/student/git/laboratory/python/py/murano_program/TransFuse_origin/datasets/dataset_v0/sekkai/labels/sekkai_TrainDataset.cache
[34m[1malbumentations: [0mBlur(p=0.01, blur_limit=(3, 7)), MedianBlur(p=0.01, blur_limit=(3, 7)), ToGray(p=0.01), CLAHE(p=0.01, clip_limit=(1, 4.0), tile_grid_size=(8, 8))
[34m[1mval: [0mNew cache created: /home/student/git/laboratory/python/py/murano_program/TransFuse_origin/datasets/dataset_v0/sekkai/labels/sekkai_ValDataset.cache
Plotting labels to /home/student/git/laboratory/python/py/murano_program/TransFuse_origin/ultralytics/runs/detect/polyp491_20/labels.jpg... 
[34m[1moptimizer:[0m 'optimizer=auto' found, ignoring 'lr0=0.01' and 'momentum=0.937' and determining best 'optimizer', 'lr0' and 'momentum' automatically... 
[34m[1moptimizer:[0m AdamW(lr=0.002, momentum=0.9) with parameter groups 57 weight(decay=0.0), 64 weight(decay=0.0005), 63 bias(decay=0.0)
Image sizes 640 train, 640 val
Using 4 dataloader workers
Logging results to [1m/home/student/git/laboratory/python/py/murano_program/TransFuse_origin/ultralytics/runs/detect/polyp491_20[0m
Starting training for 300 epochs...

      Epoch    GPU_mem   box_loss   cls_loss   dfl_loss  Instances       Size
                   all         60         60    0.00172      0.517     0.0324     0.0121

      Epoch    GPU_mem   box_loss   cls_loss   dfl_loss  Instances       Size
                   all         60         60    0.00256      0.767    0.00462    0.00216

      Epoch    GPU_mem   box_loss   cls_loss   dfl_loss  Instances       Size
                   all         60         60     0.0187     0.0667     0.0167    0.00604

      Epoch    GPU_mem   box_loss   cls_loss   dfl_loss  Instances       Size
                   all         60         60      0.117       0.25     0.0584     0.0245

      Epoch    GPU_mem   box_loss   cls_loss   dfl_loss  Instances       Size
                   all         60         60      0.156       0.15     0.0607     0.0297

      Epoch    GPU_mem   box_loss   cls_loss   dfl_loss  Instances       Size
                   all         60         60      0.399      0.283      0.253      0.115

      Epoch    GPU_mem   box_loss   cls_loss   dfl_loss  Instances       Size
                   all         60         60       0.38      0.283      0.297      0.144

      Epoch    GPU_mem   box_loss   cls_loss   dfl_loss  Instances       Size
                   all         60         60      0.516        0.4      0.429      0.206

      Epoch    GPU_mem   box_loss   cls_loss   dfl_loss  Instances       Size
                   all         60         60       0.44      0.417       0.37      0.177

      Epoch    GPU_mem   box_loss   cls_loss   dfl_loss  Instances       Size
                   all         60         60      0.432      0.417      0.374      0.158

      Epoch    GPU_mem   box_loss   cls_loss   dfl_loss  Instances       Size
                   all         60         60      0.494        0.5      0.474      0.156

      Epoch    GPU_mem   box_loss   cls_loss   dfl_loss  Instances       Size
                   all         60         60      0.502       0.15      0.165     0.0591

      Epoch    GPU_mem   box_loss   cls_loss   dfl_loss  Instances       Size
                   all         60         60      0.497      0.559      0.463      0.185

      Epoch    GPU_mem   box_loss   cls_loss   dfl_loss  Instances       Size
                   all         60         60      0.354      0.433      0.304      0.104

      Epoch    GPU_mem   box_loss   cls_loss   dfl_loss  Instances       Size
                   all         60         60        0.5        0.6      0.538      0.222

      Epoch    GPU_mem   box_loss   cls_loss   dfl_loss  Instances       Size
                   all         60         60      0.606      0.517      0.433       0.17

      Epoch    GPU_mem   box_loss   cls_loss   dfl_loss  Instances       Size
                   all         60         60       0.71      0.633      0.645       0.28

      Epoch    GPU_mem   box_loss   cls_loss   dfl_loss  Instances       Size
                   all         60         60      0.556      0.668      0.556      0.274

      Epoch    GPU_mem   box_loss   cls_loss   dfl_loss  Instances       Size
                   all         60         60      0.416      0.517       0.49      0.261

      Epoch    GPU_mem   box_loss   cls_loss   dfl_loss  Instances       Size
                   all         60         60      0.509      0.726      0.597      0.292

      Epoch    GPU_mem   box_loss   cls_loss   dfl_loss  Instances       Size
                   all         60         60      0.552        0.6      0.564      0.279

      Epoch    GPU_mem   box_loss   cls_loss   dfl_loss  Instances       Size
                   all         60         60      0.793      0.583       0.63      0.304

      Epoch    GPU_mem   box_loss   cls_loss   dfl_loss  Instances       Size
                   all         60         60      0.597      0.583      0.544      0.193

      Epoch    GPU_mem   box_loss   cls_loss   dfl_loss  Instances       Size
                   all         60         60      0.449      0.633      0.483      0.169

      Epoch    GPU_mem   box_loss   cls_loss   dfl_loss  Instances       Size
                   all         60         60      0.474      0.617      0.426      0.147

      Epoch    GPU_mem   box_loss   cls_loss   dfl_loss  Instances       Size
                   all         60         60      0.712       0.66      0.652      0.309

      Epoch    GPU_mem   box_loss   cls_loss   dfl_loss  Instances       Size
                   all         60         60      0.705       0.65      0.654      0.311

      Epoch    GPU_mem   box_loss   cls_loss   dfl_loss  Instances       Size
                   all         60         60      0.525        0.6      0.512      0.209

      Epoch    GPU_mem   box_loss   cls_loss   dfl_loss  Instances       Size
                   all         60         60      0.628        0.6      0.613      0.302

      Epoch    GPU_mem   box_loss   cls_loss   dfl_loss  Instances       Size
                   all         60         60      0.628      0.667      0.613       0.29

      Epoch    GPU_mem   box_loss   cls_loss   dfl_loss  Instances       Size
                   all         60         60      0.665      0.717      0.667      0.353

      Epoch    GPU_mem   box_loss   cls_loss   dfl_loss  Instances       Size
                   all         60         60      0.645      0.733      0.627      0.298

      Epoch    GPU_mem   box_loss   cls_loss   dfl_loss  Instances       Size
                   all         60         60      0.609      0.494      0.482      0.209

      Epoch    GPU_mem   box_loss   cls_loss   dfl_loss  Instances       Size
                   all         60         60      0.656      0.733       0.62      0.319

      Epoch    GPU_mem   box_loss   cls_loss   dfl_loss  Instances       Size
                   all         60         60      0.655      0.683      0.649      0.299

      Epoch    GPU_mem   box_loss   cls_loss   dfl_loss  Instances       Size
                   all         60         60      0.598      0.683      0.588      0.259

      Epoch    GPU_mem   box_loss   cls_loss   dfl_loss  Instances       Size
                   all         60         60      0.605      0.512      0.525      0.295

      Epoch    GPU_mem   box_loss   cls_loss   dfl_loss  Instances       Size
                   all         60         60      0.632      0.583      0.562      0.299

      Epoch    GPU_mem   box_loss   cls_loss   dfl_loss  Instances       Size
                   all         60         60      0.553      0.598       0.53      0.255

      Epoch    GPU_mem   box_loss   cls_loss   dfl_loss  Instances       Size
                   all         60         60      0.625      0.724      0.646      0.318

      Epoch    GPU_mem   box_loss   cls_loss   dfl_loss  Instances       Size
                   all         60         60      0.581       0.65      0.611      0.292

      Epoch    GPU_mem   box_loss   cls_loss   dfl_loss  Instances       Size
                   all         60         60      0.661        0.6      0.583      0.314

      Epoch    GPU_mem   box_loss   cls_loss   dfl_loss  Instances       Size
                   all         60         60      0.571      0.617      0.582      0.238

      Epoch    GPU_mem   box_loss   cls_loss   dfl_loss  Instances       Size
                   all         60         60      0.562      0.667      0.606      0.297

      Epoch    GPU_mem   box_loss   cls_loss   dfl_loss  Instances       Size
                   all         60         60      0.544        0.7      0.609      0.318

      Epoch    GPU_mem   box_loss   cls_loss   dfl_loss  Instances       Size
                   all         60         60      0.294        0.4      0.216     0.0641

      Epoch    GPU_mem   box_loss   cls_loss   dfl_loss  Instances       Size
                   all         60         60      0.658       0.61       0.53      0.248

      Epoch    GPU_mem   box_loss   cls_loss   dfl_loss  Instances       Size
                   all         60         60      0.558      0.631      0.572       0.28

      Epoch    GPU_mem   box_loss   cls_loss   dfl_loss  Instances       Size
                   all         60         60      0.746      0.667      0.648      0.333

      Epoch    GPU_mem   box_loss   cls_loss   dfl_loss  Instances       Size
                   all         60         60      0.757        0.7      0.688       0.33

      Epoch    GPU_mem   box_loss   cls_loss   dfl_loss  Instances       Size
                   all         60         60      0.572      0.669      0.613      0.287

      Epoch    GPU_mem   box_loss   cls_loss   dfl_loss  Instances       Size
                   all         60         60      0.557      0.671      0.532      0.276

      Epoch    GPU_mem   box_loss   cls_loss   dfl_loss  Instances       Size
                   all         60         60      0.612       0.75      0.619      0.314

      Epoch    GPU_mem   box_loss   cls_loss   dfl_loss  Instances       Size
                   all         60         60      0.728      0.617      0.673      0.364

      Epoch    GPU_mem   box_loss   cls_loss   dfl_loss  Instances       Size
                   all         60         60      0.632      0.683      0.647       0.32

      Epoch    GPU_mem   box_loss   cls_loss   dfl_loss  Instances       Size
                   all         60         60      0.647        0.7      0.669      0.366

      Epoch    GPU_mem   box_loss   cls_loss   dfl_loss  Instances       Size
                   all         60         60      0.739      0.667       0.68      0.328

      Epoch    GPU_mem   box_loss   cls_loss   dfl_loss  Instances       Size
                   all         60         60      0.711      0.633      0.608      0.278

      Epoch    GPU_mem   box_loss   cls_loss   dfl_loss  Instances       Size
                   all         60         60      0.653      0.667      0.628      0.266

      Epoch    GPU_mem   box_loss   cls_loss   dfl_loss  Instances       Size
                   all         60         60      0.444      0.583      0.449      0.177

      Epoch    GPU_mem   box_loss   cls_loss   dfl_loss  Instances       Size
                   all         60         60      0.657      0.717      0.637      0.319

      Epoch    GPU_mem   box_loss   cls_loss   dfl_loss  Instances       Size
                   all         60         60      0.628        0.7      0.645      0.347

      Epoch    GPU_mem   box_loss   cls_loss   dfl_loss  Instances       Size
                   all         60         60      0.678      0.667      0.687      0.372

      Epoch    GPU_mem   box_loss   cls_loss   dfl_loss  Instances       Size
                   all         60         60      0.547      0.683      0.553      0.272

      Epoch    GPU_mem   box_loss   cls_loss   dfl_loss  Instances       Size
                   all         60         60      0.731      0.633      0.621       0.32

      Epoch    GPU_mem   box_loss   cls_loss   dfl_loss  Instances       Size
                   all         60         60      0.621      0.601      0.563      0.305

      Epoch    GPU_mem   box_loss   cls_loss   dfl_loss  Instances       Size
                   all         60         60      0.544      0.656      0.577      0.275

      Epoch    GPU_mem   box_loss   cls_loss   dfl_loss  Instances       Size
                   all         60         60      0.714      0.583      0.605      0.311

      Epoch    GPU_mem   box_loss   cls_loss   dfl_loss  Instances       Size
                   all         60         60      0.713      0.667      0.652      0.322

      Epoch    GPU_mem   box_loss   cls_loss   dfl_loss  Instances       Size
                   all         60         60      0.581      0.601      0.542      0.259

      Epoch    GPU_mem   box_loss   cls_loss   dfl_loss  Instances       Size
                   all         60         60      0.576      0.683      0.571      0.274

      Epoch    GPU_mem   box_loss   cls_loss   dfl_loss  Instances       Size
                   all         60         60      0.666      0.683      0.628      0.314

      Epoch    GPU_mem   box_loss   cls_loss   dfl_loss  Instances       Size
                   all         60         60      0.637      0.667      0.639      0.336

      Epoch    GPU_mem   box_loss   cls_loss   dfl_loss  Instances       Size
                   all         60         60      0.699      0.567       0.65      0.323

      Epoch    GPU_mem   box_loss   cls_loss   dfl_loss  Instances       Size
                   all         60         60       0.67       0.65      0.621      0.321

      Epoch    GPU_mem   box_loss   cls_loss   dfl_loss  Instances       Size
                   all         60         60      0.611       0.65      0.626        0.3

      Epoch    GPU_mem   box_loss   cls_loss   dfl_loss  Instances       Size
                   all         60         60      0.722       0.65      0.628      0.321

      Epoch    GPU_mem   box_loss   cls_loss   dfl_loss  Instances       Size
                   all         60         60      0.562      0.783       0.61      0.319

      Epoch    GPU_mem   box_loss   cls_loss   dfl_loss  Instances       Size
                   all         60         60      0.695      0.533      0.579       0.27

      Epoch    GPU_mem   box_loss   cls_loss   dfl_loss  Instances       Size
                   all         60         60      0.707      0.633      0.593      0.316

      Epoch    GPU_mem   box_loss   cls_loss   dfl_loss  Instances       Size
                   all         60         60      0.557        0.7      0.528       0.27

      Epoch    GPU_mem   box_loss   cls_loss   dfl_loss  Instances       Size
                   all         60         60      0.703      0.617       0.62      0.312

      Epoch    GPU_mem   box_loss   cls_loss   dfl_loss  Instances       Size
                   all         60         60      0.591      0.717      0.589       0.31

      Epoch    GPU_mem   box_loss   cls_loss   dfl_loss  Instances       Size
                   all         60         60      0.618      0.533      0.481      0.177

      Epoch    GPU_mem   box_loss   cls_loss   dfl_loss  Instances       Size
                   all         60         60      0.642      0.537      0.523      0.228

      Epoch    GPU_mem   box_loss   cls_loss   dfl_loss  Instances       Size
                   all         60         60      0.603      0.709      0.608      0.277

      Epoch    GPU_mem   box_loss   cls_loss   dfl_loss  Instances       Size
                   all         60         60      0.536      0.717      0.536      0.237

      Epoch    GPU_mem   box_loss   cls_loss   dfl_loss  Instances       Size
                   all         60         60       0.59       0.65      0.564      0.254

      Epoch    GPU_mem   box_loss   cls_loss   dfl_loss  Instances       Size
                   all         60         60       0.63      0.624      0.612      0.325

      Epoch    GPU_mem   box_loss   cls_loss   dfl_loss  Instances       Size
                   all         60         60      0.563      0.767      0.574      0.276

      Epoch    GPU_mem   box_loss   cls_loss   dfl_loss  Instances       Size
                   all         60         60      0.626      0.717      0.629      0.337

      Epoch    GPU_mem   box_loss   cls_loss   dfl_loss  Instances       Size
                   all         60         60      0.528      0.683      0.565      0.271

      Epoch    GPU_mem   box_loss   cls_loss   dfl_loss  Instances       Size
                   all         60         60      0.731      0.733      0.673      0.335

      Epoch    GPU_mem   box_loss   cls_loss   dfl_loss  Instances       Size
                   all         60         60      0.685       0.69       0.66       0.33

      Epoch    GPU_mem   box_loss   cls_loss   dfl_loss  Instances       Size
                   all         60         60      0.719      0.633      0.664      0.358

      Epoch    GPU_mem   box_loss   cls_loss   dfl_loss  Instances       Size
                   all         60         60      0.576      0.703       0.63      0.328

      Epoch    GPU_mem   box_loss   cls_loss   dfl_loss  Instances       Size
                   all         60         60      0.749      0.695      0.653      0.365

      Epoch    GPU_mem   box_loss   cls_loss   dfl_loss  Instances       Size
                   all         60         60      0.674      0.717      0.687      0.332

      Epoch    GPU_mem   box_loss   cls_loss   dfl_loss  Instances       Size
                   all         60         60      0.676      0.667      0.559      0.265

      Epoch    GPU_mem   box_loss   cls_loss   dfl_loss  Instances       Size
                   all         60         60      0.737      0.702      0.666       0.32

      Epoch    GPU_mem   box_loss   cls_loss   dfl_loss  Instances       Size
                   all         60         60      0.612      0.733      0.612      0.321

      Epoch    GPU_mem   box_loss   cls_loss   dfl_loss  Instances       Size
                   all         60         60      0.735      0.667      0.651      0.335

      Epoch    GPU_mem   box_loss   cls_loss   dfl_loss  Instances       Size
                   all         60         60      0.631        0.7      0.608      0.313

      Epoch    GPU_mem   box_loss   cls_loss   dfl_loss  Instances       Size
                   all         60         60       0.61      0.633       0.57      0.251

      Epoch    GPU_mem   box_loss   cls_loss   dfl_loss  Instances       Size
                   all         60         60      0.615      0.617      0.512      0.204

      Epoch    GPU_mem   box_loss   cls_loss   dfl_loss  Instances       Size
                   all         60         60      0.674      0.667      0.585      0.282

      Epoch    GPU_mem   box_loss   cls_loss   dfl_loss  Instances       Size
                   all         60         60       0.66      0.733      0.618      0.305

      Epoch    GPU_mem   box_loss   cls_loss   dfl_loss  Instances       Size
                   all         60         60      0.662      0.683      0.601      0.282

      Epoch    GPU_mem   box_loss   cls_loss   dfl_loss  Instances       Size
                   all         60         60      0.723      0.667      0.623      0.312

      Epoch    GPU_mem   box_loss   cls_loss   dfl_loss  Instances       Size
                   all         60         60      0.672      0.667      0.586      0.299

      Epoch    GPU_mem   box_loss   cls_loss   dfl_loss  Instances       Size
                   all         60         60      0.684        0.6      0.598      0.303

      Epoch    GPU_mem   box_loss   cls_loss   dfl_loss  Instances       Size
                   all         60         60      0.643       0.69      0.601       0.31

      Epoch    GPU_mem   box_loss   cls_loss   dfl_loss  Instances       Size
                   all         60         60      0.674      0.717      0.671      0.308

      Epoch    GPU_mem   box_loss   cls_loss   dfl_loss  Instances       Size
                   all         60         60       0.66      0.713      0.627      0.312

      Epoch    GPU_mem   box_loss   cls_loss   dfl_loss  Instances       Size
                   all         60         60      0.605      0.717      0.569      0.308

      Epoch    GPU_mem   box_loss   cls_loss   dfl_loss  Instances       Size
                   all         60         60      0.595      0.733      0.609      0.306

      Epoch    GPU_mem   box_loss   cls_loss   dfl_loss  Instances       Size
                   all         60         60      0.694      0.633      0.595      0.307

      Epoch    GPU_mem   box_loss   cls_loss   dfl_loss  Instances       Size
                   all         60         60      0.626       0.75      0.615      0.281

      Epoch    GPU_mem   box_loss   cls_loss   dfl_loss  Instances       Size
                   all         60         60      0.725      0.617      0.645      0.308

      Epoch    GPU_mem   box_loss   cls_loss   dfl_loss  Instances       Size
                   all         60         60      0.692      0.675      0.673      0.356

      Epoch    GPU_mem   box_loss   cls_loss   dfl_loss  Instances       Size
                   all         60         60      0.661      0.717      0.645      0.326

      Epoch    GPU_mem   box_loss   cls_loss   dfl_loss  Instances       Size
                   all         60         60      0.691      0.745       0.66       0.33

      Epoch    GPU_mem   box_loss   cls_loss   dfl_loss  Instances       Size
                   all         60         60      0.703      0.667      0.628      0.313

      Epoch    GPU_mem   box_loss   cls_loss   dfl_loss  Instances       Size
                   all         60         60      0.676        0.7      0.634      0.347

      Epoch    GPU_mem   box_loss   cls_loss   dfl_loss  Instances       Size
                   all         60         60       0.74        0.7      0.652      0.319

      Epoch    GPU_mem   box_loss   cls_loss   dfl_loss  Instances       Size
                   all         60         60      0.692      0.733      0.665      0.325

      Epoch    GPU_mem   box_loss   cls_loss   dfl_loss  Instances       Size
                   all         60         60      0.603      0.717       0.62      0.301

      Epoch    GPU_mem   box_loss   cls_loss   dfl_loss  Instances       Size
                   all         60         60      0.733       0.75      0.711      0.326

      Epoch    GPU_mem   box_loss   cls_loss   dfl_loss  Instances       Size
                   all         60         60      0.621      0.733      0.629      0.307

      Epoch    GPU_mem   box_loss   cls_loss   dfl_loss  Instances       Size
                   all         60         60      0.621       0.75      0.619       0.32

      Epoch    GPU_mem   box_loss   cls_loss   dfl_loss  Instances       Size
                   all         60         60      0.733      0.567      0.594      0.306

      Epoch    GPU_mem   box_loss   cls_loss   dfl_loss  Instances       Size
                   all         60         60      0.635      0.733      0.629      0.337

      Epoch    GPU_mem   box_loss   cls_loss   dfl_loss  Instances       Size
                   all         60         60      0.697      0.617      0.573      0.298

      Epoch    GPU_mem   box_loss   cls_loss   dfl_loss  Instances       Size
                   all         60         60      0.696       0.65      0.599      0.282

      Epoch    GPU_mem   box_loss   cls_loss   dfl_loss  Instances       Size
                   all         60         60      0.666      0.764       0.65      0.319

      Epoch    GPU_mem   box_loss   cls_loss   dfl_loss  Instances       Size
                   all         60         60      0.762      0.747      0.675      0.344

      Epoch    GPU_mem   box_loss   cls_loss   dfl_loss  Instances       Size
                   all         60         60      0.706      0.733      0.632      0.316

      Epoch    GPU_mem   box_loss   cls_loss   dfl_loss  Instances       Size
                   all         60         60      0.703      0.712      0.608      0.301

      Epoch    GPU_mem   box_loss   cls_loss   dfl_loss  Instances       Size
                   all         60         60      0.643      0.717      0.646      0.329

      Epoch    GPU_mem   box_loss   cls_loss   dfl_loss  Instances       Size
                   all         60         60      0.643       0.75      0.666      0.331

      Epoch    GPU_mem   box_loss   cls_loss   dfl_loss  Instances       Size
                   all         60         60      0.689      0.717      0.618      0.297

      Epoch    GPU_mem   box_loss   cls_loss   dfl_loss  Instances       Size
                   all         60         60      0.695       0.55      0.555      0.275

      Epoch    GPU_mem   box_loss   cls_loss   dfl_loss  Instances       Size
                   all         60         60      0.653       0.69      0.595      0.299

      Epoch    GPU_mem   box_loss   cls_loss   dfl_loss  Instances       Size
                   all         60         60      0.677      0.699      0.622      0.322

      Epoch    GPU_mem   box_loss   cls_loss   dfl_loss  Instances       Size
                   all         60         60      0.682      0.717      0.659      0.338

      Epoch    GPU_mem   box_loss   cls_loss   dfl_loss  Instances       Size
                   all         60         60      0.701      0.704      0.604      0.297

      Epoch    GPU_mem   box_loss   cls_loss   dfl_loss  Instances       Size
                   all         60         60      0.782      0.658      0.691      0.333

      Epoch    GPU_mem   box_loss   cls_loss   dfl_loss  Instances       Size
                   all         60         60      0.785      0.667      0.647       0.33

      Epoch    GPU_mem   box_loss   cls_loss   dfl_loss  Instances       Size
                   all         60         60       0.78      0.733      0.657      0.326

      Epoch    GPU_mem   box_loss   cls_loss   dfl_loss  Instances       Size
                   all         60         60      0.799       0.65      0.669       0.34

      Epoch    GPU_mem   box_loss   cls_loss   dfl_loss  Instances       Size
                   all         60         60      0.776      0.579      0.617      0.313

      Epoch    GPU_mem   box_loss   cls_loss   dfl_loss  Instances       Size
                   all         60         60      0.623        0.6      0.601      0.251

      Epoch    GPU_mem   box_loss   cls_loss   dfl_loss  Instances       Size
                   all         60         60      0.657       0.65      0.585      0.298

      Epoch    GPU_mem   box_loss   cls_loss   dfl_loss  Instances       Size
                   all         60         60      0.731      0.681      0.629        0.3

      Epoch    GPU_mem   box_loss   cls_loss   dfl_loss  Instances       Size
                   all         60         60      0.704        0.7      0.616        0.3

      Epoch    GPU_mem   box_loss   cls_loss   dfl_loss  Instances       Size
                   all         60         60      0.716      0.583      0.612       0.32

      Epoch    GPU_mem   box_loss   cls_loss   dfl_loss  Instances       Size
                   all         60         60      0.585        0.7      0.593      0.318

      Epoch    GPU_mem   box_loss   cls_loss   dfl_loss  Instances       Size
                   all         60         60      0.632      0.717      0.601       0.28

      Epoch    GPU_mem   box_loss   cls_loss   dfl_loss  Instances       Size
                   all         60         60      0.688      0.567      0.562      0.268

      Epoch    GPU_mem   box_loss   cls_loss   dfl_loss  Instances       Size
                   all         60         60       0.72      0.683      0.632      0.322

      Epoch    GPU_mem   box_loss   cls_loss   dfl_loss  Instances       Size
                   all         60         60      0.674      0.683      0.601      0.328

      Epoch    GPU_mem   box_loss   cls_loss   dfl_loss  Instances       Size
                   all         60         60      0.635        0.7      0.567      0.287

      Epoch    GPU_mem   box_loss   cls_loss   dfl_loss  Instances       Size
                   all         60         60      0.641      0.717      0.581       0.29
[34m[1mEarlyStopping: [0mTraining stopped early as no improvement observed in last 100 epochs. Best results observed at epoch 63, best model saved as best.pt.
To update EarlyStopping(patience=100) pass a new patience value, i.e. `patience=300` or use `patience=0` to disable EarlyStopping.

163 epochs completed in 0.141 hours.
Optimizer stripped from /home/student/git/laboratory/python/py/murano_program/TransFuse_origin/ultralytics/runs/detect/polyp491_20/weights/last.pt, 6.2MB
Optimizer stripped from /home/student/git/laboratory/python/py/murano_program/TransFuse_origin/ultralytics/runs/detect/polyp491_20/weights/best.pt, 6.2MB

Validating /home/student/git/laboratory/python/py/murano_program/TransFuse_origin/ultralytics/runs/detect/polyp491_20/weights/best.pt...
Ultralytics YOLOv8.2.14 ðŸš€ Python-3.8.5 torch-1.9.0+cu102 CUDA:0 (Quadro RTX 8000, 48600MiB)
Model summary (fused): 168 layers, 3005843 parameters, 0 gradients, 8.1 GFLOPs
                   all         60         60      0.681      0.675      0.687      0.371
Speed: 0.4ms preprocess, 0.4ms inference, 0.0ms loss, 0.8ms postprocess per image
Results saved to [1m/home/student/git/laboratory/python/py/murano_program/TransFuse_origin/ultralytics/runs/detect/polyp491_20[0m
